<?xml version="1.0" encoding="UTF-8"?>
<!-- Generated by org.testng.reporters.JUnitReportReporter -->
<testsuite hostname="LP-Avinash" name="com.t4u.demoauto.pack.common.tests.CreateAnAccountTest" tests="1" failures="0" timestamp="19 Jul 2016 11:53:15 GMT" time="11.962" errors="0">
  <testcase name="verifyCreateAnAccounPage" time="11.962" classname="com.t4u.demoauto.pack.common.tests.CreateAnAccountTest"/>
</testsuite> <!-- com.t4u.demoauto.pack.common.tests.CreateAnAccountTest -->
